<?xml version="1.0" encoding="UTF-8"?>
<testsuite xmlns:xsi="http://www.w3.org/2001/XMLSchema-instance" xsi:noNamespaceSchemaLocation="https://maven.apache.org/surefire/maven-surefire-plugin/xsd/surefire-test-report-3.0.xsd" version="3.0" name="TestSuite" time="79.108" tests="2" errors="0" skipped="0" failures="0">
  <properties>
[...]
</properties>
  <testcase name="HomePageLoadTest" classname="com.testclasses.HomePageTesting" time="36.697"/>
  <testcase name="generalVerificationHomePage" classname="com.testclasses.HomePageTesting" time="30.742"/>
</testsuite>